<?xml version="1.0" encoding="UTF-8"?>
<!-- Generated by org.testng.reporters.JUnitReportReporter -->
<testsuite hostname="GK" failures="0" tests="2" name="learnTestNG.AnnotationsLearn" time="0.014" errors="0" timestamp="2025-02-10T23:14:13 IST" skipped="0">
  <testcase classname="learnTestNG.AnnotationsLearn" name="testCase1" time="0.008"/>
  <testcase classname="learnTestNG.AnnotationsLearn" name="testCase2" time="0.006"/>
</testsuite> <!-- learnTestNG.AnnotationsLearn -->
