<?xml version="1.0" encoding="UTF-8"?>
<!-- Generated by org.testng.reporters.JUnitReportReporter -->
<testsuite hostname="GK" failures="0" tests="1" name="browserscripts.checkingtitle" time="3.638" errors="0" timestamp="2025-01-31T16:34:18 IST" skipped="0">
  <testcase classname="browserscripts.checkingtitle" name="testGoogle" time="3.638"/>
</testsuite> <!-- browserscripts.checkingtitle -->
