<?xml version="1.0" encoding="UTF-8"?>
<!-- Generated by org.testng.reporters.JUnitReportReporter -->
<testsuite hostname="GK" failures="0" tests="3" name="learnTestNG.priopritytestng" time="0.018" errors="0" timestamp="2025-01-31T15:08:31 IST" skipped="0">
  <testcase classname="learnTestNG.priopritytestng" name="firsttest" time="0.013"/>
  <testcase classname="learnTestNG.priopritytestng" name="secondTest" time="0.003"/>
  <testcase classname="learnTestNG.priopritytestng" name="thirdTest" time="0.002"/>
</testsuite> <!-- learnTestNG.priopritytestng -->
