<?xml version="1.0" encoding="UTF-8"?>
<!-- Generated by org.testng.reporters.JUnitReportReporter -->
<testsuite hostname="GK" failures="0" tests="5" name="browserscripts.ThreadPooling" time="0.051" errors="0" timestamp="2025-02-10T23:05:43 IST" skipped="0">
  <testcase classname="browserscripts.ThreadPooling" name="executeTest" time="0.003"/>
  <testcase classname="browserscripts.ThreadPooling" name="executeTest" time="0.004"/>
  <testcase classname="browserscripts.ThreadPooling" name="executeTest" time="0.021"/>
  <testcase classname="browserscripts.ThreadPooling" name="executeTest" time="0.021"/>
  <testcase classname="browserscripts.ThreadPooling" name="executeTest" time="0.002"/>
</testsuite> <!-- browserscripts.ThreadPooling -->
