<?xml version="1.0" encoding="UTF-8"?>
<!-- Generated by org.testng.reporters.JUnitReportReporter -->
<testsuite hostname="GK" failures="0" tests="3" name="learnTestNG.dataDrivenTesting" time="0.019" errors="0" timestamp="2025-01-31T15:43:02 IST" skipped="0">
  <testcase classname="learnTestNG.dataDrivenTesting" name="loginTest" time="0.014"/>
  <testcase classname="learnTestNG.dataDrivenTesting" name="loginTest" time="0.003"/>
  <testcase classname="learnTestNG.dataDrivenTesting" name="loginTest" time="0.002"/>
</testsuite> <!-- learnTestNG.dataDrivenTesting -->
