<?xml version="1.0" encoding="UTF-8"?>
<!-- Generated by org.testng.reporters.JUnitReportReporter -->
<testsuite hostname="GK" failures="0" tests="5" name="browserscripts.ThreadPooling" time="0.046" errors="0" timestamp="2025-02-01T16:44:48 IST" skipped="0">
  <testcase classname="browserscripts.ThreadPooling" name="executeTest" time="0.019"/>
  <testcase classname="browserscripts.ThreadPooling" name="executeTest" time="0.001"/>
  <testcase classname="browserscripts.ThreadPooling" name="executeTest" time="0.020"/>
  <testcase classname="browserscripts.ThreadPooling" name="executeTest" time="0.003"/>
  <testcase classname="browserscripts.ThreadPooling" name="executeTest" time="0.003"/>
</testsuite> <!-- browserscripts.ThreadPooling -->
