<?xml version="1.0" encoding="UTF-8"?>
<!-- Generated by org.testng.reporters.JUnitReportReporter -->
<testsuite hostname="GK" failures="0" tests="1" name="learnTestNG.playgroundTestNG" time="0.011" errors="0" timestamp="2025-01-31T11:51:11 IST" skipped="0">
  <testcase classname="learnTestNG.playgroundTestNG" name="testhardassertion" time="0.011"/>
</testsuite> <!-- learnTestNG.playgroundTestNG -->
