<?xml version="1.0" encoding="UTF-8"?>
<!-- Generated by org.testng.reporters.JUnitReportReporter -->
<testsuite hostname="GK" failures="0" tests="2" name="learnTestNG.testngdemo" time="0.026" errors="0" timestamp="2025-01-31T12:09:24 IST" skipped="0">
  <testcase classname="learnTestNG.testngdemo" name="loginTest" time="0.021"/>
  <testcase classname="learnTestNG.testngdemo" name="logouttest" time="0.005"/>
</testsuite> <!-- learnTestNG.testngdemo -->
