<?xml version="1.0" encoding="UTF-8"?>
<!-- Generated by org.testng.reporters.JUnitReportReporter -->
<testsuite hostname="GK" failures="0" tests="2" name="learnTestNG.AnnotationsLearn" time="0.008" errors="0" timestamp="2025-02-09T19:18:18 IST" skipped="0">
  <testcase classname="learnTestNG.AnnotationsLearn" name="testCase1" time="0.006"/>
  <testcase classname="learnTestNG.AnnotationsLearn" name="testCase2" time="0.002"/>
</testsuite> <!-- learnTestNG.AnnotationsLearn -->
