<?xml version="1.0" encoding="UTF-8"?>
<!-- Generated by org.testng.reporters.JUnitReportReporter -->
<testsuite hostname="GK" failures="0" tests="2" name="learnTestNG.testngdemo" time="0.032" errors="0" timestamp="2025-01-26T14:45:00 IST" skipped="0">
  <testcase classname="learnTestNG.testngdemo" name="loginTest" time="0.028"/>
  <testcase classname="learnTestNG.testngdemo" name="logouttest" time="0.004"/>
</testsuite> <!-- learnTestNG.testngdemo -->
