<?xml version="1.0" encoding="UTF-8"?>
<!-- Generated by org.testng.reporters.JUnitReportReporter -->
<testsuite hostname="GK" failures="0" tests="3" name="learnTestNG.dataDrivenTesting" time="0.033" errors="0" timestamp="2025-02-15T11:38:55 IST" skipped="0">
  <testcase classname="learnTestNG.dataDrivenTesting" name="loginTest" time="0.029"/>
  <testcase classname="learnTestNG.dataDrivenTesting" name="loginTest" time="0.003"/>
  <testcase classname="learnTestNG.dataDrivenTesting" name="loginTest" time="0.001"/>
</testsuite> <!-- learnTestNG.dataDrivenTesting -->
