<?xml version="1.0" encoding="UTF-8"?>
<!-- Generated by org.testng.reporters.JUnitReportReporter -->
<testsuite hostname="GK" failures="0" tests="6" name="learnTestNG.groupingTestcases" time="0.030" errors="0" timestamp="2025-01-31T15:00:22 IST" skipped="0">
  <testcase classname="learnTestNG.groupingTestcases" name="test4" time="0.001"/>
  <testcase classname="learnTestNG.groupingTestcases" name="test2" time="0.004"/>
  <testcase classname="learnTestNG.groupingTestcases" name="test1" time="0.019"/>
  <testcase classname="learnTestNG.groupingTestcases" name="test3" time="0.002"/>
  <testcase classname="learnTestNG.groupingTestcases" name="test5" time="0.002"/>
  <testcase classname="learnTestNG.groupingTestcases" name="test6" time="0.002"/>
</testsuite> <!-- learnTestNG.groupingTestcases -->
